TN:
SF:script/Base.s.sol
FN:41,BaseScript.getPrivateKeyFromEnv
FNDA:0,BaseScript.getPrivateKeyFromEnv
DA:42,0
BRDA:42,0,0,-
BRDA:42,0,1,-
DA:43,0
DA:44,0
BRDA:44,1,0,-
BRDA:44,1,1,-
DA:45,0
DA:47,0
FN:99,BaseScript.getChain
FNDA:0,BaseScript.getChain
DA:100,0
FN:103,BaseScript.findChainName
FNDA:0,BaseScript.findChainName
DA:104,0
DA:105,0
DA:106,0
DA:107,0
DA:115,0
FNF:3
FNH:0
LF:11
LH:0
BRF:4
BRH:0
end_of_record
TN:
SF:script/DeployHelpers.s.sol
FN:16,ScaffoldETHDeploy.setupLocalhostEnv
FNDA:0,ScaffoldETHDeploy.setupLocalhostEnv
DA:17,0
BRDA:17,0,0,-
BRDA:17,0,1,-
DA:18,0
DA:19,0
DA:20,0
DA:21,0
DA:22,0
DA:23,0
DA:25,0
FN:29,ScaffoldETHDeploy.exportDeployments
FNDA:0,ScaffoldETHDeploy.exportDeployments
DA:31,0
DA:32,0
DA:33,0
DA:34,0
DA:36,0
DA:38,0
DA:40,0
DA:41,0
DA:44,0
DA:45,0
DA:46,0
FNF:2
FNH:0
LF:19
LH:0
BRF:2
BRH:0
end_of_record
TN:
SF:script/DeployMTSController.s.sol
FN:10,DeployMTSController.run
FNDA:0,DeployMTSController.run
DA:11,0
DA:12,0
DA:14,0
FNF:1
FNH:0
LF:3
LH:0
BRF:0
BRH:0
end_of_record
TN:
SF:script/DeployMinimalScenarioWithPkOwner.s.sol
FN:11,DeployMinimalScenarioWithPkOwner.run
FNDA:0,DeployMinimalScenarioWithPkOwner.run
DA:20,0
DA:21,0
DA:22,0
DA:23,0
DA:24,0
DA:27,0
FN:30,DeployMinimalScenarioWithPkOwner.fundControllerOwner
FNDA:0,DeployMinimalScenarioWithPkOwner.fundControllerOwner
DA:31,0
DA:32,0
BRDA:32,0,0,-
BRDA:32,0,1,-
FNF:2
FNH:0
LF:8
LH:0
BRF:2
BRH:0
end_of_record
TN:
SF:script/DeployMinimalScenarioWithSafeOwner.s.sol
FN:14,DeployMinimalScenarioWithSafeOwner.run
FNDA:0,DeployMinimalScenarioWithSafeOwner.run
DA:26,0
DA:27,0
DA:28,0
DA:29,0
DA:30,0
DA:32,0
DA:33,0
DA:34,0
DA:37,0
FN:40,DeployMinimalScenarioWithSafeOwner.fundControllerOwner
FNDA:0,DeployMinimalScenarioWithSafeOwner.fundControllerOwner
DA:41,0
DA:42,0
BRDA:42,0,0,-
BRDA:42,0,1,-
FNF:2
FNH:0
LF:11
LH:0
BRF:2
BRH:0
end_of_record
TN:
SF:script/DeployMockErc20.s.sol
FN:8,DeployMockErc20.run
FNDA:0,DeployMockErc20.run
DA:9,0
DA:10,0
FNF:1
FNH:0
LF:2
LH:0
BRF:0
BRH:0
end_of_record
TN:
SF:script/DeployResturantWithPkOwner.s.sol
FN:13,DeployResturantWithPkOwner.run
FNDA:0,DeployResturantWithPkOwner.run
DA:25,0
FNF:1
FNH:0
LF:1
LH:0
BRF:0
BRH:0
end_of_record
TN:
SF:script/DeployResturantWithSafeOwner.s.sol
FN:21,DeployResturantWithSafeOwner.run
FNDA:0,DeployResturantWithSafeOwner.run
DA:31,0
DA:33,0
DA:34,0
DA:36,0
DA:46,0
DA:47,0
DA:48,0
DA:49,0
DA:52,0
DA:60,0
FN:67,DeployResturantWithSafeOwner.encodeTransactionData
FNDA:0,DeployResturantWithSafeOwner.encodeTransactionData
DA:77,0
DA:82,0
FN:85,DeployResturantWithSafeOwner.deployResturant
FNDA:0,DeployResturantWithSafeOwner.deployResturant
DA:94,0
DA:108,0
BRDA:108,0,0,-
BRDA:108,0,1,-
FN:111,DeployResturantWithSafeOwner.createSignature
FNDA:0,DeployResturantWithSafeOwner.createSignature
DA:112,0
DA:113,0
FNF:4
FNH:0
LF:16
LH:0
BRF:2
BRH:0
end_of_record
TN:
SF:script/DeploySafe.s.sol
FN:14,DeploySafe.run
FNDA:0,DeploySafe.run
DA:15,0
DA:16,0
DA:17,0
DA:18,0
DA:20,0
DA:21,0
BRDA:21,0,0,-
BRDA:21,0,1,-
DA:22,0
DA:23,0
BRDA:23,1,0,-
BRDA:23,1,1,-
DA:24,0
DA:27,0
DA:28,0
DA:29,0
DA:30,0
DA:41,0
DA:42,0
FN:45,DeploySafe.deplySafe
FNDA:0,DeploySafe.deplySafe
DA:55,0
FNF:2
FNH:0
LF:16
LH:0
BRF:4
BRH:0
end_of_record
TN:
SF:script/HelperConfig.s.sol
FN:31,HelperConfig.getSepoliaEthConfig
FNDA:0,HelperConfig.getSepoliaEthConfig
DA:32,0
FN:42,HelperConfig.getGoerliEthConfig
FNDA:0,HelperConfig.getGoerliEthConfig
DA:43,0
FN:53,HelperConfig.getOrCreateAnvilEthConfig
FNDA:0,HelperConfig.getOrCreateAnvilEthConfig
DA:54,0
BRDA:54,0,0,-
BRDA:54,0,1,-
DA:55,0
DA:57,0
FN:60,HelperConfig.createAnvilEthConfig
FNDA:0,HelperConfig.createAnvilEthConfig
DA:61,0
DA:62,0
DA:63,0
DA:64,0
FNF:4
FNH:0
LF:9
LH:0
BRF:2
BRH:0
end_of_record
TN:
SF:script/SetUpTestScenario.s.sol
FN:17,SetUpTestScenario.run
FNDA:0,SetUpTestScenario.run
DA:18,0
DA:19,0
DA:20,0
DA:21,0
DA:22,0
DA:23,0
DA:24,0
DA:25,0
DA:26,0
DA:27,0
DA:29,0
DA:31,0
DA:40,0
DA:42,0
DA:43,0
DA:45,0
DA:46,0
DA:48,0
DA:52,0
DA:53,0
DA:54,0
DA:55,0
DA:56,0
DA:57,0
DA:60,0
FN:63,SetUpTestScenario.buyNftFromRestuants
FNDA:0,SetUpTestScenario.buyNftFromRestuants
DA:64,0
DA:65,0
DA:66,0
FN:70,SetUpTestScenario.buyNftFromRestuant
FNDA:0,SetUpTestScenario.buyNftFromRestuant
DA:71,0
DA:72,0
DA:73,0
BRDA:73,0,0,-
BRDA:73,0,1,-
DA:74,0
DA:75,0
DA:76,0
DA:77,0
DA:78,0
FN:83,SetUpTestScenario.addNewResturants
FNDA:0,SetUpTestScenario.addNewResturants
DA:94,0
DA:95,0
DA:96,0
DA:104,0
FN:107,SetUpTestScenario.addNewResturant
FNDA:0,SetUpTestScenario.addNewResturant
DA:117,0
DA:118,0
DA:119,0
DA:120,0
DA:121,0
FN:124,SetUpTestScenario.mintExperiencesForResturants
FNDA:0,SetUpTestScenario.mintExperiencesForResturants
DA:133,0
DA:134,0
FN:144,SetUpTestScenario.mintExperiencesForSingleResturant
FNDA:0,SetUpTestScenario.mintExperiencesForSingleResturant
DA:153,0
DA:154,0
DA:155,0
DA:156,0
BRDA:156,1,0,-
BRDA:156,1,1,-
DA:157,0
DA:158,0
BRDA:158,2,0,-
BRDA:158,2,1,-
DA:159,0
DA:161,0
DA:168,0
FN:171,SetUpTestScenario.fundAddress
FNDA:0,SetUpTestScenario.fundAddress
DA:172,0
BRDA:172,3,0,-
BRDA:172,3,1,-
DA:173,0
FN:177,SetUpTestScenario._fundAddress
FNDA:0,SetUpTestScenario._fundAddress
DA:178,0
DA:179,0
BRDA:179,4,0,-
BRDA:179,4,1,-
FN:182,SetUpTestScenario.fundAddress
FNDA:0,SetUpTestScenario.fundAddress
DA:183,0
FNF:10
FNH:0
LF:61
LH:0
BRF:10
BRH:0
end_of_record
TN:
SF:script/dao/DeployDAO.s.sol
FN:11,DeployDAO.run
FNDA:0,DeployDAO.run
DA:12,0
DA:13,0
DA:14,0
DA:15,0
DA:16,0
FNF:1
FNH:0
LF:5
LH:0
BRF:0
BRH:0
end_of_record
TN:
SF:script/dao/DeployDAOFreeMint.s.sol
FN:11,DeployDAO.run
FNDA:0,DeployDAO.run
DA:12,0
DA:13,0
DA:14,0
DA:15,0
DA:16,0
FNF:1
FNH:0
LF:5
LH:0
BRF:0
BRH:0
end_of_record
TN:
SF:script/dao/DeployMTSGovernor.s.sol
FN:8,DeployMTSGovernor.run
FNDA:0,DeployMTSGovernor.run
DA:9,0
DA:10,0
FNF:1
FNH:0
LF:2
LH:0
BRF:0
BRH:0
end_of_record
TN:
SF:script/dao/DeployVotingPower.s.sol
FN:8,DeployVotingPower.run
FNDA:0,DeployVotingPower.run
DA:9,0
DA:10,0
FNF:1
FNH:0
LF:2
LH:0
BRF:0
BRH:0
end_of_record
TN:
SF:script/dao/DeployVotingPowerFreeMint.s.sol
FN:8,DeployVotingPowerFreeMint.run
FNDA:0,DeployVotingPowerFreeMint.run
DA:9,0
DA:10,0
FNF:1
FNH:0
LF:2
LH:0
BRF:0
BRH:0
end_of_record
TN:
SF:script/interactions/MTSController.s.sol
FN:16,AddNewResturant.run
FNDA:0,AddNewResturant.run
DA:25,0
DA:26,0
DA:27,0
FN:10,AddAllowedPaymentToken.run
FNDA:0,AddAllowedPaymentToken.run
DA:11,0
FNF:2
FNH:0
LF:4
LH:0
BRF:0
BRH:0
end_of_record
TN:
SF:script/interactions/ResturantToken.s.sol
FN:22,BuyNft.run
FNDA:0,BuyNft.run
DA:23,0
FN:8,MintNft.run
FNDA:0,MintNft.run
DA:17,0
FNF:2
FNH:0
LF:2
LH:0
BRF:0
BRH:0
end_of_record
TN:
SF:script/utils/SortKeys.sol
FN:8,SortKeys.sortPKsByComputedAddress
FNDA:0,SortKeys.sortPKsByComputedAddress
DA:9,0
DA:11,0
DA:12,0
DA:14,0
DA:15,0
DA:16,0
DA:17,0
DA:18,0
DA:21,0
DA:23,0
DA:24,0
DA:25,0
DA:26,0
DA:27,0
DA:28,0
BRDA:28,0,0,-
BRDA:28,0,1,-
DA:29,0
DA:30,0
DA:34,0
DA:37,0
BRDA:37,1,0,-
BRDA:37,1,1,-
DA:38,0
DA:40,0
FNF:1
FNH:0
LF:21
LH:0
BRF:4
BRH:0
end_of_record
TN:
SF:src/MTSController.sol
FN:35,MTSController.addNewResturant
FNDA:7,MTSController.addNewResturant
DA:44,6
DA:45,6
DA:46,5
DA:47,5
DA:48,5
DA:49,5
DA:50,5
FN:53,MTSController.pauseResturant
FNDA:4,MTSController.pauseResturant
DA:54,3
DA:55,2
DA:56,2
FN:59,MTSController.unpauseResturant
FNDA:3,MTSController.unpauseResturant
DA:60,2
DA:61,1
DA:62,1
FN:65,MTSController.removeResturant
FNDA:3,MTSController.removeResturant
DA:66,2
DA:67,1
DA:68,1
FN:71,MTSController.setAcceptableMinPrice
FNDA:3,MTSController.setAcceptableMinPrice
DA:72,2
BRDA:72,0,0,-
BRDA:72,0,1,2
DA:73,2
DA:74,2
FN:77,MTSController.removeAcceptableToken
FNDA:2,MTSController.removeAcceptableToken
DA:78,1
DA:79,1
FN:82,MTSController.setBasePointFees
FNDA:3,MTSController.setBasePointFees
DA:83,2
BRDA:83,1,0,1
BRDA:83,1,1,1
DA:85,1
FN:88,MTSController.isPriceAcceptable
FNDA:2,MTSController.isPriceAcceptable
DA:89,2
BRDA:89,2,0,1
BRDA:89,2,1,1
DA:90,1
FN:93,MTSController.getMinPrice
FNDA:1,MTSController.getMinPrice
DA:94,1
FN:97,MTSController.getFeeInBasePoint
FNDA:1,MTSController.getFeeInBasePoint
DA:98,1
FN:101,MTSController.getResturantAddress
FNDA:1,MTSController.getResturantAddress
DA:102,1
FN:105,MTSController.isResturantAddress
FNDA:3,MTSController.isResturantAddress
DA:106,3
BRDA:106,3,0,1
BRDA:106,3,1,2
DA:107,2
DA:108,2
DA:109,1
BRDA:109,4,0,1
BRDA:109,4,1,-
DA:111,1
FN:114,MTSController.getNumberOfResturants
FNDA:1,MTSController.getNumberOfResturants
DA:115,1
FN:118,MTSController.withdrawFunds
FNDA:3,MTSController.withdrawFunds
DA:119,2
BRDA:119,5,0,1
BRDA:119,5,1,1
DA:120,1
DA:122,1
DA:123,1
DA:124,1
DA:125,1
BRDA:125,6,0,-
BRDA:125,6,1,1
DA:126,0
DA:129,1
FNF:14
FNH:14
LF:42
LH:41
BRF:14
BRH:11
end_of_record
TN:
SF:src/ResturantToken.sol
FN:121,ResturantToken.initialize
FNDA:1,ResturantToken.initialize
DA:130,1
DA:131,1
DA:132,1
DA:133,1
DA:134,1
DA:135,1
FN:138,ResturantToken.safeMint
FNDA:26,ResturantToken.safeMint
DA:148,25
BRDA:148,0,0,1
BRDA:148,0,1,24
DA:149,1
DA:151,24
DA:152,24
DA:153,24
DA:154,24
DA:163,24
FN:166,ResturantToken.buyNFT
FNDA:15,ResturantToken.buyNFT
DA:167,14
DA:168,14
DA:169,14
DA:170,13
BRDA:170,1,0,-
BRDA:170,1,1,13
DA:171,0
DA:173,13
DA:174,13
FN:177,ResturantToken.useTicket
FNDA:9,ResturantToken.useTicket
DA:188,6
DA:189,6
DA:190,6
BRDA:190,2,0,1
BRDA:190,2,1,5
DA:191,1
DA:193,5
DA:195,5
DA:197,5
FN:204,ResturantToken.sendReview
FNDA:2,ResturantToken.sendReview
DA:212,1
DA:213,1
FN:216,ResturantToken.burnNftNotSold
FNDA:3,ResturantToken.burnNftNotSold
DA:217,1
FN:226,ResturantToken.refund
FNDA:3,ResturantToken.refund
DA:227,1
DA:228,1
DA:229,1
DA:230,1
FN:233,ResturantToken.burnTicketNotConsumed
FNDA:4,ResturantToken.burnTicketNotConsumed
DA:234,2
BRDA:234,3,0,1
BRDA:234,3,1,1
DA:235,1
DA:237,1
DA:238,1
FN:241,ResturantToken._payoutToken
FNDA:6,ResturantToken._payoutToken
DA:242,6
DA:243,6
DA:245,6
DA:246,6
BRDA:246,4,0,-
BRDA:246,4,1,6
DA:247,6
DA:248,6
DA:249,6
FN:252,ResturantToken.tokenURI
FNDA:1,ResturantToken.tokenURI
DA:253,1
FN:266,ResturantToken.onERC721Received
FNDA:24,ResturantToken.onERC721Received
DA:276,24
FN:283,ResturantToken.getControllerAddress
FNDA:1,ResturantToken.getControllerAddress
DA:284,1
FN:287,ResturantToken.getCounter
FNDA:1,ResturantToken.getCounter
DA:288,1
FN:291,ResturantToken.getNft
FNDA:1,ResturantToken.getNft
DA:292,1
FN:295,ResturantToken.isTokenUsed
FNDA:1,ResturantToken.isTokenUsed
DA:296,1
FN:302,ResturantToken.locked
FNDA:2,ResturantToken.locked
DA:303,2
FN:309,ResturantToken.pause
FNDA:3,ResturantToken.pause
DA:310,2
FN:313,ResturantToken.unpause
FNDA:2,ResturantToken.unpause
DA:314,1
FN:322,ResturantToken.supportsInterface
FNDA:2,ResturantToken.supportsInterface
DA:329,2
BRDA:329,5,0,1
BRDA:329,5,1,1
DA:330,1
FN:333,ResturantToken._beforeTokenTransfer
FNDA:40,ResturantToken._beforeTokenTransfer
DA:342,40
FNF:20
FNH:20
LF:57
LH:56
BRF:12
BRH:10
end_of_record
TN:
SF:src/dao/MTSGovernor.sol
FN:27,MTSGovernor.votingDelay
FNDA:0,MTSGovernor.votingDelay
DA:28,0
FN:31,MTSGovernor.votingPeriod
FNDA:0,MTSGovernor.votingPeriod
DA:32,0
FN:35,MTSGovernor.quorum
FNDA:0,MTSGovernor.quorum
DA:41,0
FN:44,MTSGovernor.proposalThreshold
FNDA:0,MTSGovernor.proposalThreshold
DA:45,0
FNF:4
FNH:0
LF:4
LH:0
BRF:0
BRH:0
end_of_record
TN:
SF:src/dao/VotingPower.sol
FN:52,VotingPower.gimmiMyPowers
FNDA:0,VotingPower.gimmiMyPowers
DA:53,0
BRDA:53,0,0,-
BRDA:53,0,1,-
DA:54,0
DA:56,0
DA:57,0
DA:58,0
DA:59,0
DA:60,0
BRDA:60,1,0,-
BRDA:60,1,1,-
DA:61,0
DA:62,0
DA:63,0
DA:64,0
FN:69,VotingPower.gimmiMyPower
FNDA:0,VotingPower.gimmiMyPower
DA:70,0
BRDA:70,2,0,-
BRDA:70,2,1,-
DA:71,0
FN:74,VotingPower._gimmiMyPower
FNDA:0,VotingPower._gimmiMyPower
DA:83,0
DA:84,0
DA:85,0
DA:86,0
DA:87,0
FN:90,VotingPower._beforeTokenTransfer
FNDA:0,VotingPower._beforeTokenTransfer
DA:101,0
BRDA:101,3,0,-
BRDA:101,3,1,-
FN:107,VotingPower.clock
FNDA:0,VotingPower.clock
DA:108,0
FN:112,VotingPower.CLOCK_MODE
FNDA:0,VotingPower.CLOCK_MODE
DA:113,0
FN:119,VotingPower.locked
FNDA:0,VotingPower.locked
DA:120,0
FN:123,VotingPower.supportsInterface
FNDA:0,VotingPower.supportsInterface
DA:125,0
BRDA:125,4,0,-
BRDA:125,4,1,-
DA:126,0
FN:131,VotingPower._afterTokenTransfer
FNDA:0,VotingPower._afterTokenTransfer
DA:140,0
FNF:9
FNH:0
LF:25
LH:0
BRF:10
BRH:0
end_of_record
TN:
SF:src/dao/VotingPowerFreeMint.sol
FN:10,VotingPowerFreeMint.mint
FNDA:0,VotingPowerFreeMint.mint
DA:11,0
FNF:1
FNH:0
LF:1
LH:0
BRF:0
BRH:0
end_of_record
TN:
SF:src/lib/VerifySignature.sol
FN:31,VerifySignature.getMessageHash
FNDA:6,VerifySignature.getMessageHash
DA:32,6
FN:47,VerifySignature.getEthSignedMessageHash
FNDA:6,VerifySignature.getEthSignedMessageHash
DA:52,6
FN:65,VerifySignature.verify
FNDA:6,VerifySignature.verify
DA:75,6
DA:76,6
DA:78,6
FN:81,VerifySignature.recoverSigner
FNDA:6,VerifySignature.recoverSigner
DA:82,6
DA:84,6
FN:87,VerifySignature.splitSignature
FNDA:6,VerifySignature.splitSignature
DA:88,6
BRDA:88,0,0,-
BRDA:88,0,1,6
DA:101,6
DA:103,6
DA:105,6
FNF:5
FNH:5
LF:11
LH:11
BRF:2
BRH:1
end_of_record
TN:
SF:test/mocks/MTSControllerMock.sol
FN:12,MTSControllerMock.setAcceptableMinPrice
FNDA:24,MTSControllerMock.setAcceptableMinPrice
DA:13,24
FN:16,MTSControllerMock.setBasePintFees
FNDA:0,MTSControllerMock.setBasePintFees
DA:17,0
FN:20,MTSControllerMock.isPriceAcceptable
FNDA:25,MTSControllerMock.isPriceAcceptable
DA:21,25
BRDA:21,0,0,1
BRDA:21,0,1,24
DA:22,24
FN:25,MTSControllerMock.getFeeInBasePoint
FNDA:8,MTSControllerMock.getFeeInBasePoint
DA:26,8
FNF:4
FNH:3
LF:5
LH:4
BRF:2
BRH:2
end_of_record
TN:
SF:test/mocks/ResturantTokenMock.sol
FN:65,ResturantTokenMock.initialize
FNDA:5,ResturantTokenMock.initialize
DA:74,5
DA:75,5
DA:76,5
DA:77,5
DA:78,5
DA:79,5
FN:85,ResturantTokenMock.pause
FNDA:2,ResturantTokenMock.pause
DA:86,2
FN:89,ResturantTokenMock.unpause
FNDA:1,ResturantTokenMock.unpause
DA:90,1
FN:98,ResturantTokenMock.supportsInterface
FNDA:0,ResturantTokenMock.supportsInterface
FN:106,ResturantTokenMock._beforeTokenTransfer
FNDA:0,ResturantTokenMock._beforeTokenTransfer
FN:117,ResturantTokenMock.onERC721Received
FNDA:0,ResturantTokenMock.onERC721Received
FNF:6
FNH:3
LF:8
LH:8
BRF:0
BRH:0
end_of_record
